\BOOKMARK [1][-]{section.1}{Introduction}{}% 1
\BOOKMARK [2][-]{subsection.1.1}{Contributions}{section.1}% 2
\BOOKMARK [2][-]{subsection.1.2}{Outline}{section.1}% 3
\BOOKMARK [1][-]{section.2}{Background}{}% 4
\BOOKMARK [2][-]{subsection.2.1}{State of High Performance Computing}{section.2}% 5
\BOOKMARK [2][-]{subsection.2.2}{Programming models}{section.2}% 6
\BOOKMARK [2][-]{subsection.2.3}{Data intensive computing}{section.2}% 7
\BOOKMARK [2][-]{subsection.2.4}{PGAS}{section.2}% 8
\BOOKMARK [2][-]{subsection.2.5}{GASNet}{section.2}% 9
\BOOKMARK [2][-]{subsection.2.6}{UPC++}{section.2}% 10
\BOOKMARK [1][-]{section.3}{Design}{}% 11
\BOOKMARK [2][-]{subsection.3.1}{Motivation}{section.3}% 12
\BOOKMARK [2][-]{subsection.3.2}{Programming model}{section.3}% 13
\BOOKMARK [2][-]{subsection.3.3}{Architecture}{section.3}% 14
\BOOKMARK [3][-]{subsubsection.3.3.1}{Item}{subsection.3.3}% 15
\BOOKMARK [3][-]{subsubsection.3.3.2}{Table}{subsection.3.3}% 16
\BOOKMARK [3][-]{subsubsection.3.3.3}{Worker}{subsection.3.3}% 17
\BOOKMARK [1][-]{section.4}{Related work}{}% 18
\BOOKMARK [2][-]{subsection.4.1}{Husky}{section.4}% 19
\BOOKMARK [2][-]{subsection.4.2}{Spark}{section.4}% 20
\BOOKMARK [1][-]{section.5}{Implementation}{}% 21
\BOOKMARK [2][-]{subsection.5.1}{Distributed objects}{section.5}% 22
\BOOKMARK [2][-]{subsection.5.2}{Templates}{section.5}% 23
\BOOKMARK [2][-]{subsection.5.3}{Table}{section.5}% 24
\BOOKMARK [2][-]{subsection.5.4}{Synchronization}{section.5}% 25
\BOOKMARK [2][-]{subsection.5.5}{Usage}{section.5}% 26
\BOOKMARK [1][-]{section.6}{Evaluation}{}% 27
\BOOKMARK [2][-]{subsection.6.1}{Expressiveness}{section.6}% 28
\BOOKMARK [2][-]{subsection.6.2}{Energy efficiency}{section.6}% 29
\BOOKMARK [2][-]{subsection.6.3}{Abstraction costs}{section.6}% 30
\BOOKMARK [2][-]{subsection.6.4}{Comparison with other systems}{section.6}% 31
\BOOKMARK [1][-]{section.7}{Future work}{}% 32
\BOOKMARK [2][-]{subsection.7.1}{Fault tolerance}{section.7}% 33
\BOOKMARK [2][-]{subsection.7.2}{View based serialization}{section.7}% 34
\BOOKMARK [1][-]{section.8}{Conclusion}{}% 35
\BOOKMARK [1][-]{section*.2}{References}{}% 36
