\BOOKMARK [0][-]{section*.1}{Abstract}{}% 1
\BOOKMARK [0][-]{section*.2}{Acknowledgements}{}% 2
\BOOKMARK [0][-]{chapter*.4}{List of Figures}{}% 3
\BOOKMARK [0][-]{chapter*.5}{List of Tables}{}% 4
\BOOKMARK [0][-]{chapter*.6}{Listings}{}% 5
\BOOKMARK [0][-]{chapter.1}{Introduction}{}% 6
\BOOKMARK [1][-]{section.1.1}{Contributions}{chapter.1}% 7
\BOOKMARK [1][-]{section.1.2}{Outline}{chapter.1}% 8
\BOOKMARK [0][-]{chapter.2}{Background}{}% 9
\BOOKMARK [1][-]{section.2.1}{High Performance Computing}{chapter.2}% 10
\BOOKMARK [1][-]{section.2.2}{Programming models}{chapter.2}% 11
\BOOKMARK [1][-]{section.2.3}{Data intensive computing}{chapter.2}% 12
\BOOKMARK [1][-]{section.2.4}{Related work}{chapter.2}% 13
\BOOKMARK [0][-]{chapter.3}{PGAS programming and UPC++}{}% 14
\BOOKMARK [1][-]{section.3.1}{GASNet}{chapter.3}% 15
\BOOKMARK [1][-]{section.3.2}{Unified Parallel C}{chapter.3}% 16
\BOOKMARK [1][-]{section.3.3}{UPC++}{chapter.3}% 17
\BOOKMARK [0][-]{chapter.4}{Design}{}% 18
\BOOKMARK [1][-]{section.4.1}{Motivation}{chapter.4}% 19
\BOOKMARK [1][-]{section.4.2}{Programming model}{chapter.4}% 20
\BOOKMARK [1][-]{section.4.3}{Architecture and data flow}{chapter.4}% 21
\BOOKMARK [1][-]{section.4.4}{Fault tolerance}{chapter.4}% 22
\BOOKMARK [0][-]{chapter.5}{Implementation}{}% 23
\BOOKMARK [1][-]{section.5.1}{Overview}{chapter.5}% 24
\BOOKMARK [1][-]{section.5.2}{Template types}{chapter.5}% 25
\BOOKMARK [1][-]{section.5.3}{Communication}{chapter.5}% 26
\BOOKMARK [1][-]{section.5.4}{Table}{chapter.5}% 27
\BOOKMARK [1][-]{section.5.5}{Synchronization}{chapter.5}% 28
\BOOKMARK [0][-]{chapter.6}{Evaluation}{}% 29
\BOOKMARK [1][-]{section.6.1}{Programmability}{chapter.6}% 30
\BOOKMARK [1][-]{section.6.2}{Performance evaluation}{chapter.6}% 31
\BOOKMARK [1][-]{section.6.3}{Internal configuration}{chapter.6}% 32
\BOOKMARK [0][-]{chapter.7}{Discussion and Future Work}{}% 33
\BOOKMARK [1][-]{section.7.1}{Benchmark selection}{chapter.7}% 34
\BOOKMARK [1][-]{section.7.2}{Variants of fault tolerance}{chapter.7}% 35
\BOOKMARK [1][-]{section.7.3}{Message types}{chapter.7}% 36
\BOOKMARK [1][-]{section.7.4}{UPC++ versions}{chapter.7}% 37
\BOOKMARK [0][-]{chapter.8}{Conclusion}{}% 38
\BOOKMARK [0][-]{chapter*.22}{Bibliography}{}% 39
\BOOKMARK [0][-]{appendix.A}{Installing and using Saddlebags}{}% 40
\BOOKMARK [1][-]{section.A.1}{Linux installation}{appendix.A}% 41
\BOOKMARK [0][-]{appendix.B}{API Reference}{}% 42
